[0.008s] Invoking command in '/home/naor/Desktop/naor/study/Thesis/build/sim_drone': /usr/bin/cmake --build /home/naor/Desktop/naor/study/Thesis/build/sim_drone -- -j16 -l16
[0.039s] -- Found rclcpp: 16.0.11 (/opt/ros/humble/share/rclcpp/cmake)
[0.149s] -- Found rosidl_generator_c: 3.1.6 (/opt/ros/humble/share/rosidl_generator_c/cmake)
[0.151s] -- Found rosidl_adapter: 3.1.6 (/opt/ros/humble/share/rosidl_adapter/cmake)
[0.155s] -- Found rosidl_generator_cpp: 3.1.6 (/opt/ros/humble/share/rosidl_generator_cpp/cmake)
[0.161s] -- Using all available rosidl_typesupport_c: rosidl_typesupport_fastrtps_c;rosidl_typesupport_introspection_c
[0.169s] -- Using all available rosidl_typesupport_cpp: rosidl_typesupport_fastrtps_cpp;rosidl_typesupport_introspection_cpp
[0.190s] -- Found rmw_implementation_cmake: 6.1.2 (/opt/ros/humble/share/rmw_implementation_cmake/cmake)
[0.191s] -- Found rmw_fastrtps_cpp: 6.2.7 (/opt/ros/humble/share/rmw_fastrtps_cpp/cmake)
[0.296s] -- Using RMW implementation 'rmw_fastrtps_cpp' as default
[0.345s] -- Found gazebo_ros: 3.7.0 (/opt/ros/humble/share/gazebo_ros/cmake)
[0.372s] -- Found DART: /usr/include (Required is at least version "6.6") found components: dart 
[0.397s] -- Found Protobuf: /usr/lib/x86_64-linux-gnu/libprotobuf.so (found version "3.12.4") 
[0.399s] -- Looking for ignition-math6 -- found version 6.15.1
[0.404s] -- Searching for dependencies of ignition-math6
[0.406s] -- Looking for OGRE...
[0.412s] -- Found Ogre Ghadamon (1.9.0)
[0.413s] -- Found OGRE: optimized;/usr/lib/x86_64-linux-gnu/libOgreMain.so;debug;/usr/lib/x86_64-linux-gnu/libOgreMain.so
[0.426s] -- Looking for OGRE_Paging...
[0.426s] -- Found OGRE_Paging: optimized;/usr/lib/x86_64-linux-gnu/libOgrePaging.so;debug;/usr/lib/x86_64-linux-gnu/libOgrePaging.so
[0.426s] -- Looking for OGRE_Terrain...
[0.426s] -- Found OGRE_Terrain: optimized;/usr/lib/x86_64-linux-gnu/libOgreTerrain.so;debug;/usr/lib/x86_64-linux-gnu/libOgreTerrain.so
[0.426s] -- Looking for OGRE_Property...
[0.426s] -- Found OGRE_Property: optimized;/usr/lib/x86_64-linux-gnu/libOgreProperty.so;debug;/usr/lib/x86_64-linux-gnu/libOgreProperty.so
[0.426s] -- Looking for OGRE_RTShaderSystem...
[0.427s] -- Found OGRE_RTShaderSystem: optimized;/usr/lib/x86_64-linux-gnu/libOgreRTShaderSystem.so;debug;/usr/lib/x86_64-linux-gnu/libOgreRTShaderSystem.so
[0.427s] -- Looking for OGRE_Volume...
[0.427s] -- Found OGRE_Volume: optimized;/usr/lib/x86_64-linux-gnu/libOgreVolume.so;debug;/usr/lib/x86_64-linux-gnu/libOgreVolume.so
[0.427s] -- Looking for OGRE_Overlay...
[0.427s] -- Found OGRE_Overlay: optimized;/usr/lib/x86_64-linux-gnu/libOgreOverlay.so;debug;/usr/lib/x86_64-linux-gnu/libOgreOverlay.so
[0.524s] -- Looking for ignition-math6 -- found version 6.15.1
[0.525s] -- Looking for ignition-transport8 -- found version 8.2.1
[0.525s] -- Searching for dependencies of ignition-transport8
[0.539s] -- Found Protobuf: /usr/lib/x86_64-linux-gnu/libprotobuf.so (found suitable version "3.12.4", minimum required is "3") 
[0.554s] -- Config-file not installed for ZeroMQ -- checking for pkg-config
[0.561s] -- Checking for module 'libzmq >= 4'
[0.577s] --   Found libzmq , version 4.3.4
[0.628s] -- Checking for module 'uuid'
[0.644s] --   Found uuid, version 2.37.2
[0.685s] -- Looking for ignition-msgs5 -- found version 5.8.1
[0.685s] -- Searching for dependencies of ignition-msgs5
[0.705s] -- Looking for ignition-math6 -- found version 6.15.1
[0.708s] -- Checking for module 'tinyxml2'
[0.724s] --   Found tinyxml2, version 9.0.0
[0.766s] -- Looking for ignition-msgs5 -- found version 5.8.1
[0.767s] -- Looking for ignition-common3 -- found version 3.14.0
[0.767s] -- Searching for dependencies of ignition-common3
[0.767s] -- Looking for dlfcn.h - found
[0.768s] -- Looking for libdl - found
[0.783s] -- Searching for <ignition-common3> component [graphics]
[0.783s] -- Looking for ignition-common3-graphics -- found version 3.14.0
[0.784s] -- Searching for dependencies of ignition-common3-graphics
[0.784s] -- Looking for ignition-math6 -- found version 6.15.1
[0.786s] -- Looking for ignition-fuel_tools4 -- found version 4.4.0
[0.787s] -- Searching for dependencies of ignition-fuel_tools4
[0.828s] -- Checking for module 'jsoncpp'
[0.844s] --   Found jsoncpp, version 1.9.5
[0.890s] -- Checking for module 'libzip'
[0.904s] --   Found libzip, version 1.7.3
[0.947s] -- Looking for ignition-common3 -- found version 3.14.0
[0.947s] -- Looking for ignition-math6 -- found version 6.15.1
[0.947s] -- Looking for ignition-msgs5 -- found version 5.8.1
[0.950s] -- Gazebo version: 11.10
[0.952s] -- Found sensor_msgs: 4.2.4 (/opt/ros/humble/share/sensor_msgs/cmake)
[1.012s] Error parsing '/home/naor/Desktop/naor/study/Thesis/src/sim_drone/package.xml':
[1.045s] Traceback (most recent call last):
[1.045s]   File "/opt/ros/humble/share/ament_cmake_core/cmake/core/package_xml_2_cmake.py", line 150, in <module>
[1.045s]     main()
[1.045s]   File "/opt/ros/humble/share/ament_cmake_core/cmake/core/package_xml_2_cmake.py", line 53, in main
[1.045s]     raise e
[1.046s]   File "/opt/ros/humble/share/ament_cmake_core/cmake/core/package_xml_2_cmake.py", line 49, in main
[1.046s]     package = parse_package_string(
[1.046s]   File "/usr/lib/python3/dist-packages/catkin_pkg/package.py", line 786, in parse_package_string
[1.046s]     raise InvalidPackage('Error(s):%s' % (''.join(['\n- %s' % e for e in errors])), filename)
[1.046s] catkin_pkg.package.InvalidPackage: Error(s) in package '/home/naor/Desktop/naor/study/Thesis/src/sim_drone/package.xml':
[1.046s] Error(s):
[1.046s] - The generic dependency on 'gazebo_ros2_control' is redundant with: build_depend, build_export_depend, exec_depend
[1.054s] [31mCMake Error at /opt/ros/humble/share/ament_cmake_core/cmake/core/ament_package_xml.cmake:95 (message):
[1.055s]   execute_process(/usr/bin/python3
[1.055s]   /opt/ros/humble/share/ament_cmake_core/cmake/core/package_xml_2_cmake.py
[1.055s]   /home/naor/Desktop/naor/study/Thesis/src/sim_drone/package.xml
[1.055s]   /home/naor/Desktop/naor/study/Thesis/build/sim_drone/ament_cmake_core/package.cmake)
[1.055s]   returned error code 1
[1.055s] Call Stack (most recent call first):
[1.055s]   /opt/ros/humble/share/ament_cmake_core/cmake/core/ament_package_xml.cmake:49 (_ament_package_xml)
[1.055s]   /opt/ros/humble/share/ament_cmake_core/cmake/core/ament_package.cmake:63 (ament_package_xml)
[1.055s]   CMakeLists.txt:24 (ament_package)
[1.055s] 
[1.055s] [0m
[1.055s] -- Configuring incomplete, errors occurred!
[1.055s] See also "/home/naor/Desktop/naor/study/Thesis/build/sim_drone/CMakeFiles/CMakeOutput.log".
[1.062s] gmake: *** [Makefile:226: cmake_check_build_system] Error 1
[1.064s] Invoked command in '/home/naor/Desktop/naor/study/Thesis/build/sim_drone' returned '2': /usr/bin/cmake --build /home/naor/Desktop/naor/study/Thesis/build/sim_drone -- -j16 -l16
