[01m[K/home/naor/Desktop/naor/study/Thesis/src/ground_bot/src/joy_twist.cpp:[m[K In member function â€˜[01m[Kvoid JoyToAckermannBridge::joyCallback(sensor_msgs::msg::Joy_<std::allocator<void> >::SharedPtr)[m[Kâ€™:
[01m[K/home/naor/Desktop/naor/study/Thesis/src/ground_bot/src/joy_twist.cpp:24:17:[m[K [01;31m[Kerror: [m[Kâ€˜[01m[Kusing Twist = struct geometry_msgs::msg::Twist_<std::allocator<void> >[m[Kâ€™ {aka â€˜[01m[Kstruct geometry_msgs::msg::Twist_<std::allocator<void> >[m[Kâ€™} has no member named â€˜[01m[Kheader[m[Kâ€™
   24 |         cmd_msg.[01;31m[Kheader[m[K.frame_id = "base_link";
      |                 [01;31m[K^~~~~~[m[K
[01m[K/home/naor/Desktop/naor/study/Thesis/src/ground_bot/src/joy_twist.cpp:28:21:[m[K [01;31m[Kerror: [m[Kâ€˜[01m[Kusing Twist = struct geometry_msgs::msg::Twist_<std::allocator<void> >[m[Kâ€™ {aka â€˜[01m[Kstruct geometry_msgs::msg::Twist_<std::allocator<void> >[m[Kâ€™} has no member named â€˜[01m[Ktwist[m[Kâ€™; did you mean â€˜[01m[KTwist_[m[Kâ€™?
   28 |             cmd_msg.[01;31m[Ktwist[m[K.linear.x = msg->axes[1] * linear_speed;         // Forward/Backward
      |                     [01;31m[K^~~~~[m[K
      |                     [32m[KTwist_[m[K
[01m[K/home/naor/Desktop/naor/study/Thesis/src/ground_bot/src/joy_twist.cpp:29:21:[m[K [01;31m[Kerror: [m[Kâ€˜[01m[Kusing Twist = struct geometry_msgs::msg::Twist_<std::allocator<void> >[m[Kâ€™ {aka â€˜[01m[Kstruct geometry_msgs::msg::Twist_<std::allocator<void> >[m[Kâ€™} has no member named â€˜[01m[Ktwist[m[Kâ€™; did you mean â€˜[01m[KTwist_[m[Kâ€™?
   29 |             cmd_msg.[01;31m[Ktwist[m[K.angular.z = msg->axes[2] * angular_speed; // Left/Right steering
      |                     [01;31m[K^~~~~[m[K
      |                     [32m[KTwist_[m[K
gmake[2]: *** [CMakeFiles/joy_twist.dir/build.make:76: CMakeFiles/joy_twist.dir/src/joy_twist.cpp.o] Error 1
gmake[1]: *** [CMakeFiles/Makefile2:182: CMakeFiles/joy_twist.dir/all] Error 2
gmake: *** [Makefile:146: all] Error 2
