[0.009s] Invoking command in '/home/naor/Desktop/naor/study/Thesis/build/drone_c': CMAKE_PREFIX_PATH=/home/naor/Desktop/naor/work/capsule_repo/install/teensy_ers:/home/naor/Desktop/naor/work/capsule_repo/install/elers_bridge:/opt/ros/humble /usr/bin/cmake --build /home/naor/Desktop/naor/study/Thesis/build/drone_c -- -j16 -l16
[0.040s] -- Found ament_cmake: 1.3.11 (/opt/ros/humble/share/ament_cmake/cmake)
[0.164s] -- Found rclcpp: 16.0.12 (/opt/ros/humble/share/rclcpp/cmake)
[0.185s] -- Found rosidl_generator_c: 3.1.6 (/opt/ros/humble/share/rosidl_generator_c/cmake)
[0.186s] -- Found rosidl_adapter: 3.1.6 (/opt/ros/humble/share/rosidl_adapter/cmake)
[0.190s] -- Found rosidl_generator_cpp: 3.1.6 (/opt/ros/humble/share/rosidl_generator_cpp/cmake)
[0.196s] -- Using all available rosidl_typesupport_c: rosidl_typesupport_fastrtps_c;rosidl_typesupport_introspection_c
[0.205s] -- Using all available rosidl_typesupport_cpp: rosidl_typesupport_fastrtps_cpp;rosidl_typesupport_introspection_cpp
[0.226s] -- Found rmw_implementation_cmake: 6.1.2 (/opt/ros/humble/share/rmw_implementation_cmake/cmake)
[0.227s] -- Found rmw_fastrtps_cpp: 6.2.7 (/opt/ros/humble/share/rmw_fastrtps_cpp/cmake)
[0.321s] -- Using RMW implementation 'rmw_fastrtps_cpp' as default
[0.353s] -- Found rosidl_default_generators: 1.2.0 (/opt/ros/humble/share/rosidl_default_generators/cmake)
[0.498s] [31mCMake Error at /opt/ros/humble/share/rosidl_adapter/cmake/rosidl_adapt_interfaces.cmake:59 (message):
[0.499s]   execute_process(/usr/bin/python3 -m rosidl_adapter --package-name drone_c
[0.499s]   --arguments-file
[0.499s]   /home/naor/Desktop/naor/study/Thesis/build/drone_c/rosidl_adapter__arguments__drone_c.json
[0.499s]   --output-dir
[0.499s]   /home/naor/Desktop/naor/study/Thesis/build/drone_c/rosidl_adapter/drone_c
[0.499s]   --output-file
[0.499s]   /home/naor/Desktop/naor/study/Thesis/build/drone_c/rosidl_adapter/drone_c.idls)
[0.499s]   returned error code 1:
[0.499s] 
[0.499s]   Traceback (most recent call last):
[0.499s] 
[0.500s]     File "/usr/lib/python3.10/runpy.py", line 196, in _run_module_as_main
[0.500s]       return _run_code(code, main_globals, None,
[0.500s]     File "/usr/lib/python3.10/runpy.py", line 86, in _run_code
[0.500s]       exec(code, run_globals)
[0.500s]     File "/opt/ros/humble/local/lib/python3.10/dist-packages/rosidl_adapter/__main__.py", line 19, in <module>
[0.500s]       sys.exit(main())
[0.500s]     File "/opt/ros/humble/local/lib/python3.10/dist-packages/rosidl_adapter/main.py", line 53, in main
[0.500s]       abs_idl_file = convert_to_idl(
[0.500s]     File "/opt/ros/humble/local/lib/python3.10/dist-packages/rosidl_adapter/__init__.py", line 19, in convert_to_idl
[0.500s]       return convert_msg_to_idl(
[0.500s]     File "/opt/ros/humble/local/lib/python3.10/dist-packages/rosidl_adapter/msg/__init__.py", line 28, in convert_msg_to_idl
[0.501s]       msg = parse_message_string(package_name, input_file.stem, content)
[0.501s]     File "/opt/ros/humble/local/lib/python3.10/dist-packages/rosidl_adapter/parser.py", line 544, in parse_message_string
[0.501s]       msg = MessageSpecification(pkg_name, msg_name, fields, constants)
[0.501s]     File "/opt/ros/humble/local/lib/python3.10/dist-packages/rosidl_adapter/parser.py", line 388, in __init__
[0.501s]       self.base_type = BaseType(
[0.501s]     File "/opt/ros/humble/local/lib/python3.10/dist-packages/rosidl_adapter/parser.py", line 205, in __init__
[0.501s]       raise InvalidResourceName(
[0.501s] 
[0.501s]   rosidl_adapter.parser.InvalidResourceName: 'Pid_consts' is an invalid
[0.501s]   message name.  It should have the pattern '^[A-Z][A-Za-z0-9]*$'
[0.501s] 
[0.502s] Call Stack (most recent call first):
[0.502s]   /opt/ros/humble/share/rosidl_cmake/cmake/rosidl_generate_interfaces.cmake:130 (rosidl_adapt_interfaces)
[0.502s]   CMakeLists.txt:29 (rosidl_generate_interfaces)
[0.502s] 
[0.502s] [0m
[0.502s] -- Configuring incomplete, errors occurred!
[0.502s] See also "/home/naor/Desktop/naor/study/Thesis/build/drone_c/CMakeFiles/CMakeOutput.log".
[0.504s] gmake: *** [Makefile:1395: cmake_check_build_system] Error 1
[0.506s] Invoked command in '/home/naor/Desktop/naor/study/Thesis/build/drone_c' returned '2': CMAKE_PREFIX_PATH=/home/naor/Desktop/naor/work/capsule_repo/install/teensy_ers:/home/naor/Desktop/naor/work/capsule_repo/install/elers_bridge:/opt/ros/humble /usr/bin/cmake --build /home/naor/Desktop/naor/study/Thesis/build/drone_c -- -j16 -l16
