[0.175s] Invoking command in '/home/naor/Desktop/naor/study/Thesis/build/ground_bot': CMAKE_PREFIX_PATH=${CMAKE_PREFIX_PATH}:/home/naor/Desktop/naor/study/Thesis/install/camera_nav:/home/naor/Desktop/naor/study/Thesis/install/controller:/home/naor/Desktop/naor/work/capsule_repo/install/teensy_ers:/home/naor/Desktop/naor/work/capsule_repo/install/elers_bridge:/opt/ros/humble /usr/bin/cmake --build /home/naor/Desktop/naor/study/Thesis/build/ground_bot -- -j16 -l16
[0.194s] -- Found ament_cmake: 1.3.11 (/opt/ros/humble/share/ament_cmake/cmake)
[0.326s] -- Found rclcpp: 16.0.12 (/opt/ros/humble/share/rclcpp/cmake)
[0.346s] -- Found rosidl_generator_c: 3.1.6 (/opt/ros/humble/share/rosidl_generator_c/cmake)
[0.348s] -- Found rosidl_adapter: 3.1.6 (/opt/ros/humble/share/rosidl_adapter/cmake)
[0.352s] -- Found rosidl_generator_cpp: 3.1.6 (/opt/ros/humble/share/rosidl_generator_cpp/cmake)
[0.358s] -- Using all available rosidl_typesupport_c: rosidl_typesupport_fastrtps_c;rosidl_typesupport_introspection_c
[0.366s] -- Using all available rosidl_typesupport_cpp: rosidl_typesupport_fastrtps_cpp;rosidl_typesupport_introspection_cpp
[0.388s] -- Found rmw_implementation_cmake: 6.1.2 (/opt/ros/humble/share/rmw_implementation_cmake/cmake)
[0.388s] -- Found rmw_fastrtps_cpp: 6.2.7 (/opt/ros/humble/share/rmw_fastrtps_cpp/cmake)
[0.475s] -- Using RMW implementation 'rmw_fastrtps_cpp' as default
[0.516s] -- Found sensor_msgs: 4.8.0 (/opt/ros/humble/share/sensor_msgs/cmake)
[0.541s] -- Found rosidl_default_generators: 1.2.0 (/opt/ros/humble/share/rosidl_default_generators/cmake)
[0.546s] -- Found xacro: 2.0.13 (/opt/ros/humble/share/xacro/cmake)
[0.546s] -- Found cv_bridge: 3.2.1 (/opt/ros/humble/share/cv_bridge/cmake)
[0.787s] -- Found ament_cmake_ros: 0.10.0 (/opt/ros/humble/share/ament_cmake_ros/cmake)
[1.128s] -- Using all available rosidl_typesupport_c: rosidl_typesupport_fastrtps_c;rosidl_typesupport_introspection_c
[1.263s] -- Using all available rosidl_typesupport_cpp: rosidl_typesupport_fastrtps_cpp;rosidl_typesupport_introspection_cpp
[1.291s] -- Found python_cmake_module: 0.10.0 (/opt/ros/humble/share/python_cmake_module/cmake)
[1.320s] -- Using PYTHON_EXECUTABLE: /usr/bin/python3
[1.320s] -- Using PYTHON_INCLUDE_DIRS: /usr/include/python3.10
[1.320s] -- Using PYTHON_LIBRARIES: /usr/lib/x86_64-linux-gnu/libpython3.10.so
[1.343s] -- Found ament_lint_auto: 0.12.12 (/opt/ros/humble/share/ament_lint_auto/cmake)
[1.349s] -- Added test 'copyright' to check source files copyright and LICENSE
[1.350s] -- Added test 'flake8' to check Python code syntax and style conventions
[1.351s] -- Added test 'lint_cmake' to check CMake code style
[1.352s] -- Added test 'pep257' to check Python code against some of the docstring style conventions in PEP 257
[1.355s] -- Added test 'uncrustify' to check C / C++ code style
[1.356s] -- Configured uncrustify additional arguments: 
[1.356s] -- Added test 'xmllint' to check XML markup files
[1.357s] -- Configuring done
[1.389s] -- Generating done
[1.401s] -- Build files have been written to: /home/naor/Desktop/naor/study/Thesis/build/ground_bot
[1.429s] [35m[1mConsolidate compiler generated dependencies of target ground_bot__rosidl_generator_c[0m
[1.440s] [  2%] [32mBuilding CXX object CMakeFiles/joy_twist.dir/src/joy_twist.cpp.o[0m
[1.440s] [  4%] Built target ground_bot__cpp
[1.441s] [ 14%] Built target ground_bot__rosidl_generator_c
[1.451s] [ 14%] Built target ament_cmake_python_copy_ground_bot
[1.452s] [35m[1mConsolidate compiler generated dependencies of target ground_bot__rosidl_typesupport_fastrtps_cpp[0m
[1.452s] [35m[1mConsolidate compiler generated dependencies of target ground_bot__rosidl_typesupport_cpp[0m
[1.452s] [35m[1mConsolidate compiler generated dependencies of target ground_bot__rosidl_typesupport_c[0m
[1.454s] [35m[1mConsolidate compiler generated dependencies of target ground_bot__rosidl_typesupport_fastrtps_c[0m
[1.454s] [35m[1mConsolidate compiler generated dependencies of target ground_bot__rosidl_typesupport_introspection_c[0m
[1.456s] [35m[1mConsolidate compiler generated dependencies of target ground_bot__rosidl_typesupport_introspection_cpp[0m
[1.462s] [ 24%] Built target ground_bot__rosidl_typesupport_c
[1.463s] [ 34%] Built target ground_bot__rosidl_typesupport_fastrtps_cpp
[1.463s] [ 43%] Built target ground_bot__rosidl_typesupport_cpp
[1.464s] [ 53%] Built target ground_bot__rosidl_typesupport_fastrtps_c
[1.467s] [ 63%] Built target ground_bot__rosidl_typesupport_introspection_c
[1.472s] [ 73%] Built target ground_bot__rosidl_typesupport_introspection_cpp
[1.490s] [ 73%] Built target ground_bot
[1.506s] [ 75%] Built target ground_bot__py
[1.516s] [35m[1mConsolidate compiler generated dependencies of target ground_bot__rosidl_generator_py[0m
[1.526s] [ 82%] Built target ground_bot__rosidl_generator_py
[1.534s] [35m[1mConsolidate compiler generated dependencies of target ground_bot__rosidl_typesupport_c__pyext[0m
[1.534s] [35m[1mConsolidate compiler generated dependencies of target ground_bot__rosidl_typesupport_introspection_c__pyext[0m
[1.534s] [35m[1mConsolidate compiler generated dependencies of target ground_bot__rosidl_typesupport_fastrtps_c__pyext[0m
[1.542s] [ 87%] Built target ground_bot__rosidl_typesupport_introspection_c__pyext
[1.542s] [ 92%] Built target ground_bot__rosidl_typesupport_c__pyext
[1.546s] [ 97%] Built target ground_bot__rosidl_typesupport_fastrtps_c__pyext
[1.612s] running egg_info
[1.624s] writing ground_bot.egg-info/PKG-INFO
[1.625s] writing dependency_links to ground_bot.egg-info/dependency_links.txt
[1.625s] writing top-level names to ground_bot.egg-info/top_level.txt
[1.661s] reading manifest file 'ground_bot.egg-info/SOURCES.txt'
[1.662s] writing manifest file 'ground_bot.egg-info/SOURCES.txt'
[1.685s] [ 97%] Built target ament_cmake_python_build_ground_bot_egg
[2.862s] [01m[K/home/naor/Desktop/naor/study/Thesis/src/ground_bot/src/joy_twist.cpp:[m[K In constructor â€˜[01m[KJoyToAckermannBridge::JoyToAckermannBridge()[m[Kâ€™:
[2.862s] [01m[K/home/naor/Desktop/naor/study/Thesis/src/ground_bot/src/joy_twist.cpp:15:63:[m[K [01;31m[Kerror: [m[Kâ€˜[01m[KTwistStamped[m[Kâ€™ is not a member of â€˜[01m[Kgeometry_msgs::msg[m[Kâ€™
[2.862s]    15 |         cmd_pub_ = this->create_publisher<geometry_msgs::msg::[01;31m[KTwistStamped[m[K>(
[2.862s]       |                                                               [01;31m[K^~~~~~~~~~~~[m[K
[2.862s] [01m[K/home/naor/Desktop/naor/study/Thesis/src/ground_bot/src/joy_twist.cpp:15:76:[m[K [01;31m[Kerror: [m[Kno matching function for call to â€˜[01m[KJoyToAckermannBridge::create_publisher<<expression error> >(const char [8], int)[m[Kâ€™
[2.862s]    15 |         cmd_pub_ = [01;31m[Kthis->create_publisher<geometry_msgs::msg::TwistStamped>([m[K
[2.862s]       |                    [01;31m[K~~~~~~~~~~~~~~~~~~~~~~~~~~~~~~~~~~~~~~~~~~~~~~~~~~~~~~~~^[m[K
[2.864s]    16 | [01;31m[K            "cmd_vel", 10[m[K
[2.864s]       |             [01;31m[K~~~~~~~~~~~~~[m[K                                                   
[2.864s]    17 | [01;31m[K        )[m[K;
[2.865s]       |         [01;31m[K~[m[K                                                                   
[2.865s] In file included from [01m[K/opt/ros/humble/include/rclcpp/rclcpp/executors/single_threaded_executor.hpp:28[m[K,
[2.865s]                  from [01m[K/opt/ros/humble/include/rclcpp/rclcpp/executors.hpp:22[m[K,
[2.865s]                  from [01m[K/opt/ros/humble/include/rclcpp/rclcpp/rclcpp.hpp:155[m[K,
[2.865s]                  from [01m[K/home/naor/Desktop/naor/study/Thesis/src/ground_bot/src/joy_twist.cpp:1[m[K:
[2.865s] [01m[K/opt/ros/humble/include/rclcpp/rclcpp/node.hpp:195:3:[m[K [01;36m[Knote: [m[Kcandidate: â€˜[01m[Ktemplate<class MessageT, class AllocatorT, class PublisherT> std::shared_ptr<PublisherT> rclcpp::Node::create_publisher(const string&, const rclcpp::QoS&, const rclcpp::PublisherOptionsWithAllocator<AllocatorT>&)[m[Kâ€™
[2.865s]   195 |   [01;36m[Kcreate_publisher[m[K(
[2.865s]       |   [01;36m[K^~~~~~~~~~~~~~~~[m[K
[2.865s] [01m[K/opt/ros/humble/include/rclcpp/rclcpp/node.hpp:195:3:[m[K [01;36m[Knote: [m[K  template argument deduction/substitution failed:
[2.865s] [01m[K/home/naor/Desktop/naor/study/Thesis/src/ground_bot/src/joy_twist.cpp:15:76:[m[K [01;31m[Kerror: [m[Ktemplate argument 1 is invalid
[2.865s]    15 |         cmd_pub_ = [01;31m[Kthis->create_publisher<geometry_msgs::msg::TwistStamped>([m[K
[2.865s]       |                    [01;31m[K~~~~~~~~~~~~~~~~~~~~~~~~~~~~~~~~~~~~~~~~~~~~~~~~~~~~~~~~^[m[K
[2.865s]    16 | [01;31m[K            "cmd_vel", 10[m[K
[2.865s]       |             [01;31m[K~~~~~~~~~~~~~[m[K                                                   
[2.865s]    17 | [01;31m[K        )[m[K;
[2.865s]       |         [01;31m[K~[m[K                                                                   
[2.865s] [01m[K/home/naor/Desktop/naor/study/Thesis/src/ground_bot/src/joy_twist.cpp:[m[K In member function â€˜[01m[Kvoid JoyToAckermannBridge::joyCallback(sensor_msgs::msg::Joy_<std::allocator<void> >::SharedPtr)[m[Kâ€™:
[2.865s] [01m[K/home/naor/Desktop/naor/study/Thesis/src/ground_bot/src/joy_twist.cpp:24:17:[m[K [01;31m[Kerror: [m[Kâ€˜[01m[Kusing Twist = struct geometry_msgs::msg::Twist_<std::allocator<void> >[m[Kâ€™ {aka â€˜[01m[Kstruct geometry_msgs::msg::Twist_<std::allocator<void> >[m[Kâ€™} has no member named â€˜[01m[Kheader[m[Kâ€™
[2.865s]    24 |         cmd_msg.[01;31m[Kheader[m[K.frame_id = "base_link";
[2.865s]       |                 [01;31m[K^~~~~~[m[K
[2.865s] [01m[K/home/naor/Desktop/naor/study/Thesis/src/ground_bot/src/joy_twist.cpp:28:21:[m[K [01;31m[Kerror: [m[Kâ€˜[01m[Kusing Twist = struct geometry_msgs::msg::Twist_<std::allocator<void> >[m[Kâ€™ {aka â€˜[01m[Kstruct geometry_msgs::msg::Twist_<std::allocator<void> >[m[Kâ€™} has no member named â€˜[01m[Ktwist[m[Kâ€™; did you mean â€˜[01m[KTwist_[m[Kâ€™?
[2.865s]    28 |             cmd_msg.[01;31m[Ktwist[m[K.linear.x = msg->axes[1] * linear_speed;         // Forward/Backward
[2.865s]       |                     [01;31m[K^~~~~[m[K
[2.865s]       |                     [32m[KTwist_[m[K
[2.865s] [01m[K/home/naor/Desktop/naor/study/Thesis/src/ground_bot/src/joy_twist.cpp:29:21:[m[K [01;31m[Kerror: [m[Kâ€˜[01m[Kusing Twist = struct geometry_msgs::msg::Twist_<std::allocator<void> >[m[Kâ€™ {aka â€˜[01m[Kstruct geometry_msgs::msg::Twist_<std::allocator<void> >[m[Kâ€™} has no member named â€˜[01m[Ktwist[m[Kâ€™; did you mean â€˜[01m[KTwist_[m[Kâ€™?
[2.865s]    29 |             cmd_msg.[01;31m[Ktwist[m[K.angular.z = msg->axes[2] * angular_speed; // Left/Right steering
[2.865s]       |                     [01;31m[K^~~~~[m[K
[2.865s]       |                     [32m[KTwist_[m[K
[4.368s] gmake[2]: *** [CMakeFiles/joy_twist.dir/build.make:76: CMakeFiles/joy_twist.dir/src/joy_twist.cpp.o] Error 1
[4.368s] gmake[1]: *** [CMakeFiles/Makefile2:182: CMakeFiles/joy_twist.dir/all] Error 2
[4.368s] gmake: *** [Makefile:146: all] Error 2
[4.370s] Invoked command in '/home/naor/Desktop/naor/study/Thesis/build/ground_bot' returned '2': CMAKE_PREFIX_PATH=${CMAKE_PREFIX_PATH}:/home/naor/Desktop/naor/study/Thesis/install/camera_nav:/home/naor/Desktop/naor/study/Thesis/install/controller:/home/naor/Desktop/naor/work/capsule_repo/install/teensy_ers:/home/naor/Desktop/naor/work/capsule_repo/install/elers_bridge:/opt/ros/humble /usr/bin/cmake --build /home/naor/Desktop/naor/study/Thesis/build/ground_bot -- -j16 -l16
