[0.008s] Invoking command in '/home/naor/Desktop/naor/study/Thesis/build/drone_c': CMAKE_PREFIX_PATH=/home/naor/Desktop/naor/work/capsule_repo/install/teensy_ers:/home/naor/Desktop/naor/work/capsule_repo/install/elers_bridge:/opt/ros/humble /usr/bin/cmake --build /home/naor/Desktop/naor/study/Thesis/build/drone_c -- -j16 -l16
[0.032s] -- Found ament_cmake: 1.3.11 (/opt/ros/humble/share/ament_cmake/cmake)
[0.148s] -- Found rclcpp: 16.0.12 (/opt/ros/humble/share/rclcpp/cmake)
[0.169s] -- Found rosidl_generator_c: 3.1.6 (/opt/ros/humble/share/rosidl_generator_c/cmake)
[0.171s] -- Found rosidl_adapter: 3.1.6 (/opt/ros/humble/share/rosidl_adapter/cmake)
[0.174s] -- Found rosidl_generator_cpp: 3.1.6 (/opt/ros/humble/share/rosidl_generator_cpp/cmake)
[0.180s] -- Using all available rosidl_typesupport_c: rosidl_typesupport_fastrtps_c;rosidl_typesupport_introspection_c
[0.188s] -- Using all available rosidl_typesupport_cpp: rosidl_typesupport_fastrtps_cpp;rosidl_typesupport_introspection_cpp
[0.210s] -- Found rmw_implementation_cmake: 6.1.2 (/opt/ros/humble/share/rmw_implementation_cmake/cmake)
[0.211s] -- Found rmw_fastrtps_cpp: 6.2.7 (/opt/ros/humble/share/rmw_fastrtps_cpp/cmake)
[0.291s] -- Using RMW implementation 'rmw_fastrtps_cpp' as default
[0.323s] -- Found rosidl_default_generators: 1.2.0 (/opt/ros/humble/share/rosidl_default_generators/cmake)
[0.488s] [31mCMake Error at /opt/ros/humble/share/rosidl_adapter/cmake/rosidl_adapt_interfaces.cmake:59 (message):
[0.489s]   execute_process(/usr/bin/python3 -m rosidl_adapter --package-name drone_c
[0.489s]   --arguments-file
[0.489s]   /home/naor/Desktop/naor/study/Thesis/build/drone_c/rosidl_adapter__arguments__drone_c.json
[0.489s]   --output-dir
[0.489s]   /home/naor/Desktop/naor/study/Thesis/build/drone_c/rosidl_adapter/drone_c
[0.489s]   --output-file
[0.489s]   /home/naor/Desktop/naor/study/Thesis/build/drone_c/rosidl_adapter/drone_c.idls)
[0.489s]   returned error code 1:
[0.489s] 
[0.489s]   Error processing 'float32[3] RatePitch' of 'drone_c/Pid_consts':
[0.489s]   ''RatePitch' is an invalid field name.  It should have the pattern
[0.489s]   '^(?!.*__)(?!.*_$)[a-z][a-z0-9_]*$''
[0.489s] 
[0.489s]   Traceback (most recent call last):
[0.489s] 
[0.489s]     File "/usr/lib/python3.10/runpy.py", line 196, in _run_module_as_main
[0.489s]       return _run_code(code, main_globals, None,
[0.489s]     File "/usr/lib/python3.10/runpy.py", line 86, in _run_code
[0.489s]       exec(code, run_globals)
[0.489s]     File "/opt/ros/humble/local/lib/python3.10/dist-packages/rosidl_adapter/__main__.py", line 19, in <module>
[0.489s]       sys.exit(main())
[0.489s]     File "/opt/ros/humble/local/lib/python3.10/dist-packages/rosidl_adapter/main.py", line 53, in main
[0.489s]       abs_idl_file = convert_to_idl(
[0.489s]     File "/opt/ros/humble/local/lib/python3.10/dist-packages/rosidl_adapter/__init__.py", line 19, in convert_to_idl
[0.489s]       return convert_msg_to_idl(
[0.489s]     File "/opt/ros/humble/local/lib/python3.10/dist-packages/rosidl_adapter/msg/__init__.py", line 28, in convert_msg_to_idl
[0.489s]       msg = parse_message_string(package_name, input_file.stem, content)
[0.489s]     File "/opt/ros/humble/local/lib/python3.10/dist-packages/rosidl_adapter/parser.py", line 519, in parse_message_string
[0.489s]       fields.append(Field(
[0.489s]     File "/opt/ros/humble/local/lib/python3.10/dist-packages/rosidl_adapter/parser.py", line 354, in __init__
[0.489s]       raise NameError(
[0.489s] 
[0.489s]   NameError: 'RatePitch' is an invalid field name.  It should have the
[0.489s]   pattern '^(?!.*__)(?!.*_$)[a-z][a-z0-9_]*$'
[0.489s] 
[0.489s] Call Stack (most recent call first):
[0.490s]   /opt/ros/humble/share/rosidl_cmake/cmake/rosidl_generate_interfaces.cmake:130 (rosidl_adapt_interfaces)
[0.490s]   CMakeLists.txt:29 (rosidl_generate_interfaces)
[0.490s] 
[0.490s] [0m
[0.490s] -- Configuring incomplete, errors occurred!
[0.490s] See also "/home/naor/Desktop/naor/study/Thesis/build/drone_c/CMakeFiles/CMakeOutput.log".
[0.495s] gmake: *** [Makefile:1395: cmake_check_build_system] Error 1
[0.496s] Invoked command in '/home/naor/Desktop/naor/study/Thesis/build/drone_c' returned '2': CMAKE_PREFIX_PATH=/home/naor/Desktop/naor/work/capsule_repo/install/teensy_ers:/home/naor/Desktop/naor/work/capsule_repo/install/elers_bridge:/opt/ros/humble /usr/bin/cmake --build /home/naor/Desktop/naor/study/Thesis/build/drone_c -- -j16 -l16
