[35m[1mConsolidate compiler generated dependencies of target joy_twist[0m
[  2%] Built target ground_bot__cpp
[ 12%] Built target ground_bot__rosidl_generator_c
[ 14%] [32mBuilding CXX object CMakeFiles/joy_twist.dir/src/joy_twist.cpp.o[0m
[ 14%] Built target ament_cmake_python_copy_ground_bot
[ 24%] Built target ground_bot__rosidl_typesupport_cpp
[ 34%] Built target ground_bot__rosidl_typesupport_fastrtps_cpp
[ 43%] Built target ground_bot__rosidl_typesupport_introspection_cpp
[ 53%] Built target ground_bot__rosidl_typesupport_introspection_c
[ 63%] Built target ground_bot__rosidl_typesupport_fastrtps_c
[ 73%] Built target ground_bot__rosidl_typesupport_c
[ 73%] Built target ground_bot
[ 75%] Built target ground_bot__py
[ 82%] Built target ground_bot__rosidl_generator_py
[ 87%] Built target ground_bot__rosidl_typesupport_fastrtps_c__pyext
[ 92%] Built target ground_bot__rosidl_typesupport_c__pyext
[ 97%] Built target ground_bot__rosidl_typesupport_introspection_c__pyext
running egg_info
writing ground_bot.egg-info/PKG-INFO
writing dependency_links to ground_bot.egg-info/dependency_links.txt
writing top-level names to ground_bot.egg-info/top_level.txt
reading manifest file 'ground_bot.egg-info/SOURCES.txt'
writing manifest file 'ground_bot.egg-info/SOURCES.txt'
[ 97%] Built target ament_cmake_python_build_ground_bot_egg
[01m[K/home/naor/Desktop/naor/study/Thesis/src/ground_bot/src/joy_twist.cpp:[m[K In member function â€˜[01m[Kvoid JoyToAckermannBridge::joyCallback(sensor_msgs::msg::Joy_<std::allocator<void> >::SharedPtr)[m[Kâ€™:
[01m[K/home/naor/Desktop/naor/study/Thesis/src/ground_bot/src/joy_twist.cpp:24:17:[m[K [01;31m[Kerror: [m[Kâ€˜[01m[Kusing Twist = struct geometry_msgs::msg::Twist_<std::allocator<void> >[m[Kâ€™ {aka â€˜[01m[Kstruct geometry_msgs::msg::Twist_<std::allocator<void> >[m[Kâ€™} has no member named â€˜[01m[Kheader[m[Kâ€™
   24 |         cmd_msg.[01;31m[Kheader[m[K.frame_id = "base_link";
      |                 [01;31m[K^~~~~~[m[K
gmake[2]: *** [CMakeFiles/joy_twist.dir/build.make:76: CMakeFiles/joy_twist.dir/src/joy_twist.cpp.o] Error 1
gmake[1]: *** [CMakeFiles/Makefile2:182: CMakeFiles/joy_twist.dir/all] Error 2
gmake: *** [Makefile:146: all] Error 2
