[0.167s] Invoking command in '/home/naor/Desktop/naor/study/Thesis/build/ground_bot': CMAKE_PREFIX_PATH=${CMAKE_PREFIX_PATH}:/home/naor/Desktop/naor/study/Thesis/install/camera_nav:/home/naor/Desktop/naor/study/Thesis/install/controller:/home/naor/Desktop/naor/work/capsule_repo/install/teensy_ers:/home/naor/Desktop/naor/work/capsule_repo/install/elers_bridge:/opt/ros/humble /usr/bin/cmake --build /home/naor/Desktop/naor/study/Thesis/build/ground_bot -- -j16 -l16
[0.212s] [35m[1mConsolidate compiler generated dependencies of target joy_twist[0m
[0.216s] [  2%] Built target ground_bot__cpp
[0.223s] [ 12%] Built target ground_bot__rosidl_generator_c
[0.225s] [ 14%] [32mBuilding CXX object CMakeFiles/joy_twist.dir/src/joy_twist.cpp.o[0m
[0.230s] [ 14%] Built target ament_cmake_python_copy_ground_bot
[0.244s] [ 24%] Built target ground_bot__rosidl_typesupport_cpp
[0.253s] [ 34%] Built target ground_bot__rosidl_typesupport_fastrtps_cpp
[0.259s] [ 43%] Built target ground_bot__rosidl_typesupport_introspection_cpp
[0.261s] [ 53%] Built target ground_bot__rosidl_typesupport_introspection_c
[0.264s] [ 63%] Built target ground_bot__rosidl_typesupport_fastrtps_c
[0.265s] [ 73%] Built target ground_bot__rosidl_typesupport_c
[0.279s] [ 73%] Built target ground_bot
[0.292s] [ 75%] Built target ground_bot__py
[0.309s] [ 82%] Built target ground_bot__rosidl_generator_py
[0.328s] [ 87%] Built target ground_bot__rosidl_typesupport_fastrtps_c__pyext
[0.330s] [ 92%] Built target ground_bot__rosidl_typesupport_c__pyext
[0.331s] [ 97%] Built target ground_bot__rosidl_typesupport_introspection_c__pyext
[0.425s] running egg_info
[0.438s] writing ground_bot.egg-info/PKG-INFO
[0.439s] writing dependency_links to ground_bot.egg-info/dependency_links.txt
[0.439s] writing top-level names to ground_bot.egg-info/top_level.txt
[0.476s] reading manifest file 'ground_bot.egg-info/SOURCES.txt'
[0.477s] writing manifest file 'ground_bot.egg-info/SOURCES.txt'
[0.503s] [ 97%] Built target ament_cmake_python_build_ground_bot_egg
[1.762s] [01m[K/home/naor/Desktop/naor/study/Thesis/src/ground_bot/src/joy_twist.cpp:[m[K In member function â€˜[01m[Kvoid JoyToAckermannBridge::joyCallback(sensor_msgs::msg::Joy_<std::allocator<void> >::SharedPtr)[m[Kâ€™:
[1.762s] [01m[K/home/naor/Desktop/naor/study/Thesis/src/ground_bot/src/joy_twist.cpp:24:17:[m[K [01;31m[Kerror: [m[Kâ€˜[01m[Kusing Twist = struct geometry_msgs::msg::Twist_<std::allocator<void> >[m[Kâ€™ {aka â€˜[01m[Kstruct geometry_msgs::msg::Twist_<std::allocator<void> >[m[Kâ€™} has no member named â€˜[01m[Kheader[m[Kâ€™
[1.762s]    24 |         cmd_msg.[01;31m[Kheader[m[K.frame_id = "base_link";
[1.762s]       |                 [01;31m[K^~~~~~[m[K
[3.264s] gmake[2]: *** [CMakeFiles/joy_twist.dir/build.make:76: CMakeFiles/joy_twist.dir/src/joy_twist.cpp.o] Error 1
[3.264s] gmake[1]: *** [CMakeFiles/Makefile2:182: CMakeFiles/joy_twist.dir/all] Error 2
[3.264s] gmake: *** [Makefile:146: all] Error 2
[3.266s] Invoked command in '/home/naor/Desktop/naor/study/Thesis/build/ground_bot' returned '2': CMAKE_PREFIX_PATH=${CMAKE_PREFIX_PATH}:/home/naor/Desktop/naor/study/Thesis/install/camera_nav:/home/naor/Desktop/naor/study/Thesis/install/controller:/home/naor/Desktop/naor/work/capsule_repo/install/teensy_ers:/home/naor/Desktop/naor/work/capsule_repo/install/elers_bridge:/opt/ros/humble /usr/bin/cmake --build /home/naor/Desktop/naor/study/Thesis/build/ground_bot -- -j16 -l16
